<?xml version="1.0" encoding="utf-8"?><testsuites name="pytest tests"><testsuite name="pytest" errors="0" failures="0" skipped="0" tests="9" time="10.744" timestamp="2026-08-15T15:42:19.730824+00:00" hostname="agent-env-91f48aa3-2627-444a-90be-6df4abd27a35"><testcase classname="tests.test_citizen_assistant.TestNearest" name="test_requires_auth" time="0.285" /><testcase classname="tests.test_citizen_assistant.TestAssistantStreaming" name="test_requires_auth" time="0.212" /><testcase classname="tests.test_citizen_assistant.TestAssistantStreaming" name="test_nearest_query_lists_sepang_town_first" time="3.127" /><testcase classname="tests.test_citizen_assistant.TestNearest" name="test_returns_all_six_sorted_ascending" time="0.690" /><testcase classname="tests.test_citizen_assistant.TestNearest" name="test_haversine_distances_reasonable" time="0.046" /><testcase classname="tests.test_citizen_assistant.TestAssistantStreaming" name="test_grounded_does_not_invent_centres" time="2.634" /><testcase classname="tests.test_citizen_assistant.TestAssistantStreaming" name="test_rate_question" time="0.869" /><testcase classname="tests.test_citizen_assistant.TestAssistantStreaming" name="test_schedule_question" time="1.382" /><testcase classname="tests.test_citizen_assistant.TestAssistantStreaming" name="test_no_location_still_answers" time="1.931" /></testsuite></testsuites>