<?xml version="1.0" encoding="utf-8"?><testsuites name="pytest tests"><testsuite name="pytest" errors="0" failures="0" skipped="0" tests="18" time="4.044" timestamp="2026-08-15T15:27:08.348322+00:00" hostname="agent-env-91f48aa3-2627-444a-90be-6df4abd27a35"><testcase classname="tests.test_citizen.TestRecyclingRef" name="test_rates" time="0.275" /><testcase classname="tests.test_citizen.TestWallet" name="test_wallet_requires_auth" time="0.467" /><testcase classname="tests.test_citizen.TestRecyclingRef" name="test_centers" time="0.095" /><testcase classname="tests.test_citizen.TestRecyclingRef" name="test_schedule" time="0.050" /><testcase classname="tests.test_citizen.TestRecyclingRef" name="test_announcements" time="0.102" /><testcase classname="tests.test_citizen.TestUploadAndServe" name="test_upload_requires_auth" time="0.219" /><testcase classname="tests.test_citizen.TestWallet" name="test_wallet_seed_on_fresh_user" time="0.550" /><testcase classname="tests.test_citizen.TestUploadAndServe" name="test_upload_and_download_real_object_storage" time="1.746" /><testcase classname="tests.test_citizen.TestWallet" name="test_dropoff_credits_and_increments" time="0.541" /><testcase classname="tests.test_citizen.TestWallet" name="test_dropoff_rejects_empty" time="0.052" /><testcase classname="tests.test_citizen.TestWallet" name="test_dropoff_ignores_invalid_item" time="0.440" /><testcase classname="tests.test_citizen.TestWallet" name="test_convert_reward_deducts_points_only" time="0.106" /><testcase classname="tests.test_citizen.TestWallet" name="test_convert_cash_deducts_points_credits_rm" time="0.272" /><testcase classname="tests.test_citizen.TestWallet" name="test_convert_over_balance_rejected" time="0.109" /><testcase classname="tests.test_citizen.TestUploadAndServe" name="test_download_bad_token" time="0.128" /><testcase classname="tests.test_citizen.TestComplaints" name="test_requires_auth" time="0.114" /><testcase classname="tests.test_citizen.TestComplaints" name="test_create_with_photo_and_list" time="0.115" /><testcase classname="tests.test_citizen.TestComplaints" name="test_citizen_sees_only_own" time="0.521" /></testsuite></testsuites>