<?xml version="1.0" encoding="utf-8"?><testsuites name="pytest tests"><testsuite name="pytest" errors="0" failures="0" skipped="0" tests="5" time="47.698" timestamp="2026-08-30T07:15:18.226972+00:00" hostname="agent-env-91f48aa3-2627-444a-90be-6df4abd27a35"><testcase classname="tests.test_layer_ai" name="test_compute_insights_hotzone_dominant_komersial" time="2.659" /><testcase classname="tests.test_layer_ai" name="test_layer_context_text_mentions_komersial" time="0.000" /><testcase classname="tests.test_layer_ai" name="test_ai_chat_with_layer_ids_streams_komersial" time="19.597" /><testcase classname="tests.test_layer_ai" name="test_ai_chat_without_layer_ids_still_works" time="16.663" /><testcase classname="tests.test_layer_ai" name="test_ai_history_persists" time="7.986" /></testsuite></testsuites>