<?xml version="1.0" encoding="utf-8"?><testsuites name="pytest tests"><testsuite name="pytest" errors="0" failures="0" skipped="0" tests="8" time="5.090" timestamp="2026-08-30T07:01:46.226197+00:00" hostname="agent-env-91f48aa3-2627-444a-90be-6df4abd27a35"><testcase classname="tests.test_geo_and_history.TestGeoLayersBuiltins" name="test_list_layers_contains_two_builtins" time="0.575" /><testcase classname="tests.test_geo_and_history.TestGeoLayersBuiltins" name="test_waste_recy_style_graduated_5_classes" time="0.104" /><testcase classname="tests.test_geo_and_history.TestGeoLayersBuiltins" name="test_landuse_categorized_exact_categories" time="0.106" /><testcase classname="tests.test_geo_and_history.TestGeoLayersBuiltins" name="test_delete_builtin_forbidden" time="0.127" /><testcase classname="tests.test_geo_and_history.TestGeoLayersBuiltins" name="test_layers_require_auth" time="0.119" /><testcase classname="tests.test_geo_and_history.TestGeoLayerUpload" name="test_create_upload_and_serve_and_delete" time="1.111" /><testcase classname="tests.test_geo_and_history.TestAiChatHistory" name="test_history_empty_session_returns_list" time="0.113" /><testcase classname="tests.test_geo_and_history.TestAiChatHistory" name="test_chat_then_history_returns_messages" time="2.760" /></testsuite></testsuites>