<?xml version="1.0" encoding="utf-8"?><testsuites name="pytest tests"><testsuite name="pytest" errors="0" failures="2" skipped="0" tests="25" time="26.113" timestamp="2026-08-15T14:53:54.074211+00:00" hostname="agent-env-91f48aa3-2627-444a-90be-6df4abd27a35"><testcase classname="tests.backend_test.TestAuth" name="test_root" time="0.319" /><testcase classname="tests.backend_test.TestSpatialData" name="test_kpis" time="0.258" /><testcase classname="tests.backend_test.TestSpatialData" name="test_zones" time="0.043" /><testcase classname="tests.backend_test.TestSpatialData" name="test_zone_detail" time="0.085" /><testcase classname="tests.backend_test.TestAuth" name="test_login_planner" time="0.276" /><testcase classname="tests.backend_test.TestSpatialData" name="test_zone_404" time="0.208" /><testcase classname="tests.backend_test.TestAuth" name="test_login_citizen" time="0.320" /><testcase classname="tests.backend_test.TestSpatialData" name="test_forecast" time="0.045" /><testcase classname="tests.backend_test.TestSpatialData" name="test_sites" time="0.230" /><testcase classname="tests.backend_test.TestSpatialData" name="test_routes" time="0.044" /><testcase classname="tests.backend_test.TestAuth" name="test_login_wrong_password" time="0.288" /><testcase classname="tests.backend_test.TestSpatialData" name="test_correlation" time="0.058" /><testcase classname="tests.backend_test.TestSpatialData" name="test_facilities" time="0.229" /><testcase classname="tests.backend_test.TestAuth" name="test_me_requires_token" time="0.086" /><testcase classname="tests.backend_test.TestReports" name="test_reports_requires_auth" time="0.081" /><testcase classname="tests.backend_test.TestReports" name="test_create_and_list_report" time="0.597" /><testcase classname="tests.backend_test.TestAuth" name="test_me_returns_user" time="0.540" /><testcase classname="tests.backend_test.TestAuth" name="test_register_new_citizen" time="0.054"><failure message="assert 422 == 200&#10; +  where 422 = &lt;Response [422]&gt;.status_code">backend/tests/backend_test.py:91: in test_register_new_citizen
    assert r.status_code == 200
E   assert 422 == 200
E    +  where 422 = &lt;Response [422]&gt;.status_code</failure></testcase><testcase classname="tests.backend_test.TestAuth" name="test_register_duplicate" time="0.252" /><testcase classname="tests.backend_test.TestReports" name="test_planner_sees_all_reports" time="0.312" /><testcase classname="tests.backend_test.TestSimulate" name="test_simulate_returns_impacts_and_ai_recommendation" time="5.872" /><testcase classname="tests.backend_test.TestAIChat" name="test_chat_requires_auth" time="0.206" /><testcase classname="tests.backend_test.TestAIChat" name="test_chat_streams_structured_response" time="19.707" /><testcase classname="tests.backend_test.TestSimulate" name="test_simulate_low_growth_zone" time="5.621" /><testcase classname="tests.backend_test.TestAIChat" name="test_chat_arithmetic_probe" time="3.419"><failure message="AssertionError: LLM likely not called. Reply: I'm SPARK, your Spatial Planning AI for Sepang district. I'm not able to step outside my planning advisory role.&#10;  &#10;  If you have questions about **waste management, land-use planning, or spatial analysis** for Sepang's zones — such as hotspot prioritisation in Dengkil, recovery rate optimisation near KLIA, or 2030 growth projections for Kota Warisan — I'm ready to assist.&#10;  &#10;  Please submit a planning-re&#10;assert '43' in &quot;I'm SPARK, your Spatial Planning AI for Sepang district. I'm not able to step outside my planning advisory role.\n\nIf you have questions about **waste management, land-use planning, or spatial analysis** for Sepang's zones — such as hotspot prioritisation in Dengkil, recovery rate optimisation near KLIA, or 2030 growth projections for Kota Warisan — I'm ready to assist.\n\nPlease submit a planning-related query to proceed.&quot;">backend/tests/backend_test.py:270: in test_chat_arithmetic_probe
    assert "43" in text, f"LLM likely not called. Reply: {text[:400]}"
E   AssertionError: LLM likely not called. Reply: I'm SPARK, your Spatial Planning AI for Sepang district. I'm not able to step outside my planning advisory role.
E     
E     If you have questions about **waste management, land-use planning, or spatial analysis** for Sepang's zones — such as hotspot prioritisation in Dengkil, recovery rate optimisation near KLIA, or 2030 growth projections for Kota Warisan — I'm ready to assist.
E     
E     Please submit a planning-re
E   assert '43' in "I'm SPARK, your Spatial Planning AI for Sepang district. I'm not able to step outside my planning advisory role.\n\nIf you have questions about **waste management, land-use planning, or spatial analysis** for Sepang's zones — such as hotspot prioritisation in Dengkil, recovery rate optimisation near KLIA, or 2030 growth projections for Kota Warisan — I'm ready to assist.\n\nPlease submit a planning-related query to proceed."</failure></testcase></testsuite></testsuites>